<?xml version="1.0" encoding="UTF-8"?>
<testng-results ignored="0" total="2" passed="2" failed="0" skipped="0">
  <reporter-output>
  </reporter-output>
  <suite started-at="2022-02-02T18:30:26 IST" name="Default suite" finished-at="2022-02-02T18:30:37 IST" duration-ms="11092">
    <groups>
    </groups>
    <test started-at="2022-02-02T18:30:26 IST" name="Default test" finished-at="2022-02-02T18:30:37 IST" duration-ms="11092">
      <class name="Academy.homePage">
        <test-method signature="basePageNavigation(java.lang.String,java.lang.String,java.lang.String)[pri:0, instance:Academy.homePage@1817f1eb]" started-at="2022-02-02T18:30:26 IST" name="basePageNavigation" data-provider="Authentication" finished-at="2022-02-02T18:30:32 IST" duration-ms="6024" status="PASS">
          <params>
            <param index="0">
              <value>
                <![CDATA[non-restrictedUser@gmail.com]]>
              </value>
            </param>
            <param index="1">
              <value>
                <![CDATA[123456778]]>
              </value>
            </param>
            <param index="2">
              <value>
                <![CDATA[non-restricted User]]>
              </value>
            </param>
          </params>
          <reporter-output>
          </reporter-output>
        </test-method> <!-- basePageNavigation -->
        <test-method signature="basePageNavigation(java.lang.String,java.lang.String,java.lang.String)[pri:0, instance:Academy.homePage@1817f1eb]" started-at="2022-02-02T18:30:32 IST" name="basePageNavigation" data-provider="Authentication" finished-at="2022-02-02T18:30:37 IST" duration-ms="5032" status="PASS">
          <params>
            <param index="0">
              <value>
                <![CDATA[restrictedUser@gmail.com]]>
              </value>
            </param>
            <param index="1">
              <value>
                <![CDATA[87654321]]>
              </value>
            </param>
            <param index="2">
              <value>
                <![CDATA[restricted User]]>
              </value>
            </param>
          </params>
          <reporter-output>
          </reporter-output>
        </test-method> <!-- basePageNavigation -->
      </class> <!-- Academy.homePage -->
    </test> <!-- Default test -->
  </suite> <!-- Default suite -->
</testng-results>
